<?xml version="1.0" encoding="UTF-8" standalone="yes"?>
<testsuites name="Accept Trips" time="84" tests="2" failures="0" errors="0">
    <testsuite name="Accept Trips" tests="2" failures="0" errors="0" time="84" timestamp="2019-08-27 08:47:19" hostname="jarwo - redstar" id="Test Suites/3.0/Driver V2/Accept Trips">
        <properties>
            <property name="deviceName" value="Xiaomi Redmi 6A (Android 8.1.0)"/>
            <property name="devicePlatform" value=""/>
            <property name="logFolder" value="/home/jarwo/Katalon Studio/Ritase Automation Testing/Reports/3.0/Driver V2/Accept Trips/20190827_084713"/>
            <property name="logFiles" value="/home/jarwo/Katalon Studio/Ritase Automation Testing/Reports/3.0/Driver V2/Accept Trips/20190827_084713/appium.log, /home/jarwo/Katalon Studio/Ritase Automation Testing/Reports/3.0/Driver V2/Accept Trips/20190827_084713/execution0.log"/>
            <property name="attachments" value=""/>
            <property name="hostName" value="jarwo - redstar"/>
            <property name="os" value="Linux 64bit"/>
            <property name="katalonVersion" value="6.2.1.2"/>
            <property name="deviceOS" value="Android"/>
            <property name="appiumVersion" value="1.14.1"/>
            <property name="deviceModel" value="Redmi 6A"/>
            <property name="hostAddress" value="127.0.1.1"/>
            <property name="deviceManufacturer" value="Xiaomi"/>
            <property name="deviceId" value="f24006487d26"/>
            <property name="deviceName" value="Xiaomi Redmi 6A (Android 8.1.0)"/>
            <property name="deviceOSVersion" value="8.1.0"/>
        </properties>
        <testcase name="Test Cases/Mobile Drivers/Login/Login Drivers" classname="Test Cases/Mobile Drivers/Login/Login Drivers" status="PASSED">
            <system-out>2019-08-27 08:47:20 - [TEST_CASE][PASSED] - Test Cases/Mobile Drivers/Login/Login Drivers: Test Cases/Mobile Drivers/Login/Login Drivers

2019-08-27 08:47:20 - [TEST_STEP][PASSED] - runFeatureFile("Include/features/Mobile/Drivers V2/Login/LoginDrivers.feature", STOP_ON_FAILURE): Feature file: 'Include/features/Mobile/Drivers V2/Login/LoginDrivers.feature' was passed

2019-08-27 08:47:20 - [MESSAGE][INFO] - Starting run keyword runFeatureFile: 'Include/features/Mobile/Drivers V2/Login/LoginDrivers.feature' and extract report to folder: '/home/jarwo/Katalon Studio/Ritase Automation Testing/Reports/3.0/Driver V2/Accept Trips/20190827_084713/cucumber_report/1566870440272'...

2019-08-27 08:47:20 - [TEST_CASE][PASSED] - Start Test Case : SCENARIO Login Drivers: SCENARIO Login Drivers

2019-08-27 08:47:20 - [TEST_STEP][PASSED] - User install and open ritase driver apps: User install and open ritase driver apps

2019-08-27 08:47:21 - [MESSAGE][INFO] - Appium server started on port 42,045

2019-08-27 08:47:36 - [MESSAGE][PASSED] - Started app at: '/home/jarwo/Katalon Studio/Ritase Automation Testing/APK/stg-driver.apk'

2019-08-27 08:47:36 - [MESSAGE][PASSED] - Current device physical height is 1344

2019-08-27 08:47:36 - [MESSAGE][PASSED] - Current device physical width is 720

2019-08-27 08:47:36 - [MESSAGE][PASSED] - User install and open ritase driver apps

2019-08-27 08:47:36 - [TEST_STEP][PASSED] - User tap initial login button: User tap initial login button

2019-08-27 08:47:39 - [MESSAGE][PASSED] - Tapped on element 'Object Repository/Driver Apps V2/tap_initialLogin'

2019-08-27 08:47:39 - [MESSAGE][PASSED] - User tap initial login button

2019-08-27 08:47:39 - [TEST_STEP][PASSED] - User fill email address driver sopo@qa.com: User fill email address driver sopo@qa.com

2019-08-27 08:47:41 - [MESSAGE][PASSED] - Text 'sopo@qa.com' has been set to element 'Object Repository/Driver Apps V2/input_emailDriver'

2019-08-27 08:47:41 - [MESSAGE][PASSED] - User fill email address driver sopo@qa.com

2019-08-27 08:47:41 - [TEST_STEP][PASSED] - User fill password driver rahasia: User fill password driver rahasia

2019-08-27 08:47:43 - [MESSAGE][PASSED] - Text 'rahasia' has been set to element 'Object Repository/Driver Apps V2/input_passwordDriver'

2019-08-27 08:47:43 - [MESSAGE][PASSED] - User fill password driver rahasia

2019-08-27 08:47:43 - [TEST_STEP][PASSED] - User tap login button: User tap login button

2019-08-27 08:47:48 - [MESSAGE][PASSED] - Tapped on element 'Object Repository/Driver Apps V2/tap_loginButton'

2019-08-27 08:47:51 - [MESSAGE][PASSED] - Delayed 3 second(s)

2019-08-27 08:47:51 - [MESSAGE][PASSED] - User tap login button

2019-08-27 08:47:51 - [TEST_STEP][PASSED] - User see tab trip: User see tab trip

2019-08-27 08:47:52 - [MESSAGE][PASSED] - Text of element 'Object Repository/Driver Apps V2/txt_tripMenu' is: 'Punya pertanyaan? Tanyakan dengan Admin'

2019-08-27 08:47:52 - [MESSAGE][PASSED] - User see tab trip

2019-08-27 08:47:52 - [TEST_STEP][PASSED] - User swipe right to left: User swipe right to left

2019-08-27 08:48:02 - [MESSAGE][PASSED] - Delayed 10 second(s)

2019-08-27 08:48:04 - [MESSAGE][PASSED] - Swiped from 504,672 to 216,672

2019-08-27 08:48:04 - [MESSAGE][PASSED] - User swipe right to left

2019-08-27 08:48:04 - [TEST_STEP][PASSED] - User see tab wallet: User see tab wallet

2019-08-27 08:48:07 - [MESSAGE][PASSED] - Text of element 'Object Repository/Driver Apps V2/txt_walletMenu' is: 'Fitur Wallet Belum Aktif'

2019-08-27 08:48:07 - [MESSAGE][PASSED] - User see tab wallet

2019-08-27 08:48:07 - [MESSAGE][PASSED] - Feature file: 'Include/features/Mobile/Drivers V2/Login/LoginDrivers.feature' was passed</system-out>
            <system-err></system-err>
        </testcase>
        <testcase name="Test Cases/Mobile Drivers/Trips/Accept Trips" classname="Test Cases/Mobile Drivers/Trips/Accept Trips" status="PASSED">
            <system-out>2019-08-27 08:48:07 - [TEST_CASE][PASSED] - Test Cases/Mobile Drivers/Trips/Accept Trips: Test Cases/Mobile Drivers/Trips/Accept Trips

2019-08-27 08:48:07 - [TEST_STEP][PASSED] - runFeatureFile("Include/features/Mobile/Drivers V2/Trips/AcceptTrips.feature", STOP_ON_FAILURE): Feature file: 'Include/features/Mobile/Drivers V2/Trips/AcceptTrips.feature' was passed

2019-08-27 08:48:07 - [MESSAGE][INFO] - Starting run keyword runFeatureFile: 'Include/features/Mobile/Drivers V2/Trips/AcceptTrips.feature' and extract report to folder: '/home/jarwo/Katalon Studio/Ritase Automation Testing/Reports/3.0/Driver V2/Accept Trips/20190827_084713/cucumber_report/1566870487569'...

2019-08-27 08:48:07 - [TEST_CASE][PASSED] - Start Test Case : SCENARIO Accept Order: SCENARIO Accept Order

2019-08-27 08:48:07 - [TEST_STEP][PASSED] - User open trip menu: User open trip menu

2019-08-27 08:48:12 - [MESSAGE][PASSED] - Delayed 5 second(s)

2019-08-27 08:48:13 - [MESSAGE][PASSED] - Swiped from 216,672 to 504,672

2019-08-27 08:48:13 - [MESSAGE][PASSED] - User open trip menu

2019-08-27 08:48:13 - [TEST_STEP][PASSED] - User see tab trip: User see tab trip

2019-08-27 08:48:14 - [MESSAGE][PASSED] - Text of element 'Object Repository/Driver Apps V2/txt_tripMenu' is: 'Punya pertanyaan? Tanyakan dengan Admin'

2019-08-27 08:48:14 - [MESSAGE][PASSED] - User see tab trip

2019-08-27 08:48:14 - [TEST_STEP][PASSED] - User swipe top to buttom: User swipe top to buttom

2019-08-27 08:48:19 - [MESSAGE][PASSED] - Delayed 5 second(s)

2019-08-27 08:48:21 - [MESSAGE][PASSED] - Swiped from 360,940 to 360,403

2019-08-27 08:48:24 - [MESSAGE][PASSED] - Delayed 3 second(s)

2019-08-27 08:48:24 - [MESSAGE][PASSED] - User swipe top to buttom

2019-08-27 08:48:24 - [TEST_STEP][PASSED] - User see order cards: User see order cards

2019-08-27 08:48:24 - [MESSAGE][PASSED] - Element 'Object Repository/Driver Apps V2/tap_firstTripCards' is exist

2019-08-27 08:48:24 - [MESSAGE][PASSED] - User see order cards

2019-08-27 08:48:24 - [TEST_STEP][PASSED] - User tap first cards: User tap first cards

2019-08-27 08:48:28 - [MESSAGE][PASSED] - Tapped on element 'Object Repository/Driver Apps V2/tap_firstTripCards'

2019-08-27 08:48:33 - [MESSAGE][PASSED] - Delayed 5 second(s)

2019-08-27 08:48:33 - [MESSAGE][PASSED] - User tap first cards

2019-08-27 08:48:33 - [TEST_STEP][PASSED] - User tap yes button: User tap yes button

2019-08-27 08:48:37 - [MESSAGE][PASSED] - Tapped on element 'Object Repository/Driver Apps V2/tap_acceptTripsButton'

2019-08-27 08:48:44 - [MESSAGE][PASSED] - Delayed 7 second(s)

2019-08-27 08:48:44 - [MESSAGE][PASSED] - User tap yes button

2019-08-27 08:48:44 - [TEST_STEP][PASSED] - User see tab trip: User see tab trip

2019-08-27 08:48:44 - [MESSAGE][PASSED] - Text of element 'Object Repository/Driver Apps V2/txt_tripMenu' is: 'Punya pertanyaan? Tanyakan dengan Admin'

2019-08-27 08:48:44 - [MESSAGE][PASSED] - User see tab trip

2019-08-27 08:48:44 - [MESSAGE][PASSED] - Feature file: 'Include/features/Mobile/Drivers V2/Trips/AcceptTrips.feature' was passed</system-out>
            <system-err></system-err>
        </testcase>
        <system-out>2019-08-27 08:47:19 - [TEST_SUITE][INCOMPLETE] - Accept Trips: null</system-out>
        <system-err>2019-08-27 08:47:19 - [TEST_SUITE][INCOMPLETE] - Accept Trips: null</system-err>
    </testsuite>
</testsuites>
